<?xml version="1.0" encoding="UTF-8"?>
<coverage generated="1715642036569" clover="3.2.0">
  <project timestamp="1715642036570" name="All files">
    <metrics statements="18" coveredstatements="17" conditionals="15" coveredconditionals="14" methods="5" coveredmethods="5" elements="38" coveredelements="36" complexity="0" loc="18" ncloc="18" packages="1" files="1" classes="1"/>
    <file name="bowling.js" path="C:\Agile\Calculadora\TDD-bowling\bowling.js">
      <metrics statements="18" coveredstatements="17" conditionals="15" coveredconditionals="14" methods="5" coveredmethods="5"/>
      <line num="3" count="4" type="stmt"/>
      <line num="4" count="4" type="stmt"/>
      <line num="10" count="79" type="stmt"/>
      <line num="11" count="79" type="stmt"/>
      <line num="13" count="79" type="stmt"/>
      <line num="14" count="79" type="stmt"/>
      <line num="17" count="79" type="cond" truecount="4" falsecount="0"/>
      <line num="18" count="1" type="stmt"/>
      <line num="19" count="1" type="stmt"/>
      <line num="24" count="79" type="stmt"/>
      <line num="25" count="79" type="cond" truecount="5" falsecount="0"/>
      <line num="26" count="1" type="stmt"/>
      <line num="33" count="80" type="stmt"/>
      <line num="34" count="80" type="cond" truecount="4" falsecount="0"/>
      <line num="35" count="1" type="cond" truecount="1" falsecount="1"/>
      <line num="36" count="0" type="stmt"/>
      <line num="37" count="1" type="stmt"/>
      <line num="43" count="4" type="stmt"/>
    </file>
  </project>
</coverage>
