{"C:\\Agile\\Calculadora\\Ahorcado\\ahorcado.js": {"path":"C:\\Agile\\Calculadora\\Ahorcado\\ahorcado.js","statementMap":{"0":{"start":{"line":3,"column":4},"end":{"line":3,"column":30}},"1":{"start":{"line":4,"column":4},"end":{"line":4,"column":28}},"2":{"start":{"line":5,"column":4},"end":{"line":5,"column":34}},"3":{"start":{"line":9,"column":4},"end":{"line":14,"column":5}},"4":{"start":{"line":10,"column":6},"end":{"line":10,"column":55}},"5":{"start":{"line":12,"column":6},"end":{"line":12,"column":33}},"6":{"start":{"line":13,"column":6},"end":{"line":13,"column":19}},"7":{"start":{"line":18,"column":4},"end":{"line":22,"column":5}},"8":{"start":{"line":18,"column":52},"end":{"line":18,"column":75}},"9":{"start":{"line":20,"column":6},"end":{"line":20,"column":31}},"10":{"start":{"line":21,"column":6},"end":{"line":21,"column":76}},"11":{"start":{"line":26,"column":4},"end":{"line":30,"column":5}},"12":{"start":{"line":26,"column":34},"end":{"line":26,"column":55}},"13":{"start":{"line":28,"column":6},"end":{"line":28,"column":31}},"14":{"start":{"line":29,"column":6},"end":{"line":29,"column":78}},"15":{"start":{"line":34,"column":4},"end":{"line":34,"column":31}}},"fnMap":{"0":{"name":"(anonymous_0)","decl":{"start":{"line":2,"column":2},"end":{"line":2,"column":3}},"loc":{"start":{"line":2,"column":16},"end":{"line":6,"column":3}},"line":2},"1":{"name":"(anonymous_1)","decl":{"start":{"line":8,"column":2},"end":{"line":8,"column":3}},"loc":{"start":{"line":8,"column":20},"end":{"line":15,"column":3}},"line":8},"2":{"name":"(anonymous_2)","decl":{"start":{"line":17,"column":2},"end":{"line":17,"column":3}},"loc":{"start":{"line":17,"column":24},"end":{"line":23,"column":3}},"line":17},"3":{"name":"(anonymous_3)","decl":{"start":{"line":25,"column":2},"end":{"line":25,"column":3}},"loc":{"start":{"line":25,"column":28},"end":{"line":31,"column":3}},"line":25},"4":{"name":"(anonymous_4)","decl":{"start":{"line":33,"column":2},"end":{"line":33,"column":3}},"loc":{"start":{"line":33,"column":18},"end":{"line":35,"column":3}},"line":33}},"branchMap":{"0":{"loc":{"start":{"line":9,"column":4},"end":{"line":14,"column":5}},"type":"if","locations":[{"start":{"line":9,"column":4},"end":{"line":14,"column":5}},{"start":{"line":11,"column":11},"end":{"line":14,"column":5}}],"line":9},"1":{"loc":{"start":{"line":18,"column":4},"end":{"line":22,"column":5}},"type":"if","locations":[{"start":{"line":18,"column":4},"end":{"line":22,"column":5}},{"start":{"line":19,"column":9},"end":{"line":22,"column":5}}],"line":18},"2":{"loc":{"start":{"line":26,"column":4},"end":{"line":30,"column":5}},"type":"if","locations":[{"start":{"line":26,"column":4},"end":{"line":30,"column":5}},{"start":{"line":27,"column":9},"end":{"line":30,"column":5}}],"line":26}},"s":{"0":7,"1":7,"2":7,"3":2,"4":1,"5":1,"6":1,"7":2,"8":1,"9":1,"10":1,"11":2,"12":1,"13":1,"14":1,"15":1},"f":{"0":7,"1":2,"2":2,"3":2,"4":1},"b":{"0":[1,1],"1":[1,1],"2":[1,1]},"_coverageSchema":"1a1c01bbd47fc00a2c39e90264f33305004495a9","hash":"3c53854aa0cc679d2fecdf1858135bc468c7eb77"}
}
