{"C:\\Agile\\Calculadora\\TDD-bowling\\bowling.js": {"path":"C:\\Agile\\Calculadora\\TDD-bowling\\bowling.js","statementMap":{"0":{"start":{"line":3,"column":4},"end":{"line":3,"column":20}},"1":{"start":{"line":4,"column":4},"end":{"line":4,"column":19}},"2":{"start":{"line":10,"column":4},"end":{"line":10,"column":26}},"3":{"start":{"line":11,"column":4},"end":{"line":11,"column":25}},"4":{"start":{"line":13,"column":4},"end":{"line":13,"column":21}},"5":{"start":{"line":14,"column":4},"end":{"line":14,"column":22}},"6":{"start":{"line":17,"column":4},"end":{"line":20,"column":5}},"7":{"start":{"line":18,"column":6},"end":{"line":18,"column":24}},"8":{"start":{"line":19,"column":6},"end":{"line":19,"column":20}},"9":{"start":{"line":24,"column":17},"end":{"line":24,"column":34}},"10":{"start":{"line":25,"column":4},"end":{"line":27,"column":5}},"11":{"start":{"line":26,"column":6},"end":{"line":26,"column":27}},"12":{"start":{"line":33,"column":17},"end":{"line":33,"column":34}},"13":{"start":{"line":34,"column":4},"end":{"line":38,"column":5}},"14":{"start":{"line":35,"column":6},"end":{"line":37,"column":84}},"15":{"start":{"line":36,"column":8},"end":{"line":36,"column":71}},"16":{"start":{"line":37,"column":13},"end":{"line":37,"column":84}},"17":{"start":{"line":43,"column":4},"end":{"line":43,"column":23}}},"fnMap":{"0":{"name":"(anonymous_0)","decl":{"start":{"line":2,"column":2},"end":{"line":2,"column":3}},"loc":{"start":{"line":2,"column":16},"end":{"line":5,"column":3}},"line":2},"1":{"name":"(anonymous_1)","decl":{"start":{"line":7,"column":2},"end":{"line":7,"column":3}},"loc":{"start":{"line":7,"column":15},"end":{"line":21,"column":3}},"line":7},"2":{"name":"(anonymous_2)","decl":{"start":{"line":23,"column":2},"end":{"line":23,"column":3}},"loc":{"start":{"line":23,"column":15},"end":{"line":28,"column":3}},"line":23},"3":{"name":"(anonymous_3)","decl":{"start":{"line":32,"column":2},"end":{"line":32,"column":3}},"loc":{"start":{"line":32,"column":16},"end":{"line":39,"column":3}},"line":32},"4":{"name":"(anonymous_4)","decl":{"start":{"line":41,"column":2},"end":{"line":41,"column":3}},"loc":{"start":{"line":41,"column":10},"end":{"line":44,"column":3}},"line":41}},"branchMap":{"0":{"loc":{"start":{"line":17,"column":4},"end":{"line":20,"column":5}},"type":"if","locations":[{"start":{"line":17,"column":4},"end":{"line":20,"column":5}},{"start":{},"end":{}}],"line":17},"1":{"loc":{"start":{"line":17,"column":8},"end":{"line":17,"column":51}},"type":"binary-expr","locations":[{"start":{"line":17,"column":8},"end":{"line":17,"column":35}},{"start":{"line":17,"column":39},"end":{"line":17,"column":51}}],"line":17},"2":{"loc":{"start":{"line":25,"column":4},"end":{"line":27,"column":5}},"type":"if","locations":[{"start":{"line":25,"column":4},"end":{"line":27,"column":5}},{"start":{},"end":{}}],"line":25},"3":{"loc":{"start":{"line":25,"column":8},"end":{"line":25,"column":114}},"type":"binary-expr","locations":[{"start":{"line":25,"column":8},"end":{"line":25,"column":24}},{"start":{"line":25,"column":28},"end":{"line":25,"column":82}},{"start":{"line":25,"column":86},"end":{"line":25,"column":114}}],"line":25},"4":{"loc":{"start":{"line":34,"column":4},"end":{"line":38,"column":5}},"type":"if","locations":[{"start":{"line":34,"column":4},"end":{"line":38,"column":5}},{"start":{},"end":{}}],"line":34},"5":{"loc":{"start":{"line":34,"column":8},"end":{"line":34,"column":79}},"type":"binary-expr","locations":[{"start":{"line":34,"column":8},"end":{"line":34,"column":35}},{"start":{"line":34,"column":39},"end":{"line":34,"column":79}}],"line":34},"6":{"loc":{"start":{"line":35,"column":6},"end":{"line":37,"column":84}},"type":"if","locations":[{"start":{"line":35,"column":6},"end":{"line":37,"column":84}},{"start":{"line":37,"column":13},"end":{"line":37,"column":84}}],"line":35}},"s":{"0":4,"1":4,"2":79,"3":79,"4":79,"5":79,"6":79,"7":1,"8":1,"9":79,"10":79,"11":1,"12":80,"13":80,"14":1,"15":0,"16":1,"17":4},"f":{"0":4,"1":79,"2":79,"3":80,"4":4},"b":{"0":[1,78],"1":[79,40],"2":[1,78],"3":[79,40,2],"4":[1,79],"5":[80,40],"6":[0,1]},"_coverageSchema":"1a1c01bbd47fc00a2c39e90264f33305004495a9","hash":"60d218a503ed0faa6eb98568af733574c2ce373b"}
}
