TN:
SF:Ahorcado\ahorcado.js
FN:2,(anonymous_0)
FN:11,(anonymous_1)
FN:20,(anonymous_2)
FN:25,(anonymous_3)
FN:41,(anonymous_4)
FN:49,(anonymous_5)
FN:53,(anonymous_6)
FN:64,(anonymous_7)
FN:72,(anonymous_8)
FNF:9
FNH:9
FNDA:12,(anonymous_0)
FNDA:2,(anonymous_1)
FNDA:34,(anonymous_2)
FNDA:306,(anonymous_3)
FNDA:2,(anonymous_4)
FNDA:1,(anonymous_5)
FNDA:3,(anonymous_6)
FNDA:2,(anonymous_7)
FNDA:18,(anonymous_8)
DA:3,12
DA:4,12
DA:5,12
DA:6,12
DA:7,12
DA:8,12
DA:12,2
DA:13,1
DA:15,1
DA:16,1
DA:21,34
DA:22,34
DA:25,34
DA:26,306
DA:27,31
DA:28,31
DA:33,34
DA:34,18
DA:36,16
DA:37,16
DA:42,2
DA:44,1
DA:45,1
DA:50,1
DA:55,3
DA:56,1
DA:57,2
DA:58,1
DA:60,1
DA:65,2
DA:66,2
DA:67,2
DA:68,2
DA:69,2
DA:72,18
DA:75,2
DA:76,1
DA:77,1
DA:80,1
DA:83,2
LF:40
LH:40
BRDA:12,0,0,1
BRDA:12,0,1,1
BRDA:26,1,0,31
BRDA:26,1,1,275
BRDA:33,2,0,18
BRDA:33,2,1,16
BRDA:42,3,0,1
BRDA:42,3,1,1
BRDA:55,4,0,1
BRDA:55,4,1,2
BRDA:57,5,0,1
BRDA:57,5,1,1
BRDA:75,6,0,1
BRDA:75,6,1,1
BRF:14
BRH:14
end_of_record
