TN:
SF:Ahorcado\ahorcado.js
FN:2,(anonymous_0)
FN:10,(anonymous_1)
FN:18,(anonymous_2)
FN:23,(anonymous_3)
FN:48,(anonymous_4)
FN:56,(anonymous_5)
FN:60,(anonymous_6)
FNF:7
FNH:7
FNDA:8,(anonymous_0)
FNDA:2,(anonymous_1)
FNDA:8,(anonymous_2)
FNDA:72,(anonymous_3)
FNDA:2,(anonymous_4)
FNDA:1,(anonymous_5)
FNDA:1,(anonymous_6)
DA:3,8
DA:4,8
DA:5,8
DA:6,8
DA:7,8
DA:11,2
DA:12,1
DA:14,1
DA:15,1
DA:19,8
DA:20,8
DA:23,8
DA:24,72
DA:25,11
DA:26,11
DA:31,8
DA:32,7
DA:34,1
DA:35,1
DA:49,2
DA:51,1
DA:52,1
DA:57,1
DA:62,1
DA:63,1
DA:64,0
DA:65,0
DA:67,0
LF:28
LH:25
BRDA:11,0,0,1
BRDA:11,0,1,1
BRDA:24,1,0,11
BRDA:24,1,1,61
BRDA:31,2,0,7
BRDA:31,2,1,1
BRDA:49,3,0,1
BRDA:49,3,1,1
BRDA:62,4,0,1
BRDA:62,4,1,0
BRDA:64,5,0,0
BRDA:64,5,1,0
BRF:12
BRH:9
end_of_record
